<?xml version="1.0" encoding="UTF-8"?>
<!-- Generated by org.testng.reporters.JUnitReportReporter -->
<testsuite hostname="DESKTOP-7DAQ3NU" name="dashboard.FirefoxParallel" tests="3" failures="0" timestamp="30 Sep 2021 04:04:43 GMT" time="7.468" errors="0">
  <testcase name="testCase1" time="0.033" classname="dashboard.FirefoxParallel"/>
  <testcase name="assignLeave2" time="6.748" classname="dashboard.FirefoxParallel"/>
  <testcase name="testCase2" time="0.687" classname="dashboard.FirefoxParallel"/>
</testsuite> <!-- dashboard.FirefoxParallel -->
