<?xml version="1.0" encoding="UTF-8"?>
<!-- Generated by org.testng.reporters.JUnitReportReporter -->
<testsuite hostname="DESKTOP-7DAQ3NU" name="launchandlogin.FirefoxLaunch" tests="2" failures="0" timestamp="30 Sep 2021 04:04:43 GMT" time="0.295" errors="0">
  <testcase name="testCase2" time="0.288" classname="launchandlogin.FirefoxLaunch"/>
  <testcase name="testCase1" time="0.007" classname="launchandlogin.FirefoxLaunch"/>
</testsuite> <!-- launchandlogin.FirefoxLaunch -->
